[2021-09-26 12:56:38.886] [exthost] [info] extension host started
[2021-09-26 12:56:38.910] [exthost] [info] Lock '/home/keymy00njae/.vscode-server/data/User/workspaceStorage/7fc4c10cffd935e2e64412392e02447d/vscode.lock': Lock acquired.
[2021-09-26 12:56:39.170] [exthost] [info] ExtensionService#_doActivateExtension vscode.typescript-language-features {"startup":false,"extensionId":{"value":"vscode.typescript-language-features","_lower":"vscode.typescript-language-features"},"activationEvent":"onLanguage:javascript"}
[2021-09-26 12:56:39.171] [exthost] [info] ExtensionService#loadCommonJSModule file:///home/keymy00njae/.vscode-server/bin/7f6ab5485bbc008386c4386d08766667e155244e/extensions/typescript-language-features/dist/extension
[2021-09-26 12:56:39.307] [exthost] [info] ExtensionService#_doActivateExtension vscode.debug-auto-launch {"startup":true,"extensionId":{"value":"vscode.debug-auto-launch","_lower":"vscode.debug-auto-launch"},"activationEvent":"*"}
[2021-09-26 12:56:39.307] [exthost] [info] ExtensionService#loadCommonJSModule file:///home/keymy00njae/.vscode-server/bin/7f6ab5485bbc008386c4386d08766667e155244e/extensions/debug-auto-launch/dist/extension
[2021-09-26 12:56:39.312] [exthost] [info] ExtensionService#_doActivateExtension vscode.git {"startup":true,"extensionId":{"value":"vscode.github","_lower":"vscode.github"},"activationEvent":"*"}
[2021-09-26 12:56:39.312] [exthost] [info] ExtensionService#loadCommonJSModule file:///home/keymy00njae/.vscode-server/bin/7f6ab5485bbc008386c4386d08766667e155244e/extensions/git/dist/main
[2021-09-26 12:56:39.482] [exthost] [info] ExtensionService#_doActivateExtension vscode.npm {"startup":true,"extensionId":{"value":"vscode.npm","_lower":"vscode.npm"},"activationEvent":"workspaceContains:package.json"}
[2021-09-26 12:56:39.482] [exthost] [info] ExtensionService#loadCommonJSModule file:///home/keymy00njae/.vscode-server/bin/7f6ab5485bbc008386c4386d08766667e155244e/extensions/npm/dist/npmMain
[2021-09-26 12:56:40.172] [exthost] [info] ExtensionService#_doActivateExtension vscode.github {"startup":true,"extensionId":{"value":"vscode.github","_lower":"vscode.github"},"activationEvent":"*"}
[2021-09-26 12:56:40.173] [exthost] [info] ExtensionService#loadCommonJSModule file:///home/keymy00njae/.vscode-server/bin/7f6ab5485bbc008386c4386d08766667e155244e/extensions/github/dist/extension.js
[2021-09-26 12:56:40.818] [exthost] [info] ExtensionService#_doActivateExtension ms-vscode.js-debug {"startup":false,"extensionId":{"value":"ms-vscode.js-debug","_lower":"ms-vscode.js-debug"},"activationEvent":"onCommand:extension.js-debug.clearAutoAttachVariables"}
[2021-09-26 12:56:40.819] [exthost] [info] ExtensionService#loadCommonJSModule file:///home/keymy00njae/.vscode-server/bin/7f6ab5485bbc008386c4386d08766667e155244e/extensions/ms-vscode.js-debug/src/extension.js
[2021-09-26 12:56:42.694] [exthost] [info] ExtensionService#_doActivateExtension vscode.emmet {"startup":false,"extensionId":{"value":"vscode.emmet","_lower":"vscode.emmet"},"activationEvent":"onStartupFinished"}
[2021-09-26 12:56:42.694] [exthost] [info] ExtensionService#loadCommonJSModule file:///home/keymy00njae/.vscode-server/bin/7f6ab5485bbc008386c4386d08766667e155244e/extensions/emmet/dist/node/emmetNodeMain
[2021-09-26 12:56:42.786] [exthost] [info] ExtensionService#_doActivateExtension vscode.merge-conflict {"startup":false,"extensionId":{"value":"vscode.merge-conflict","_lower":"vscode.merge-conflict"},"activationEvent":"onStartupFinished"}
[2021-09-26 12:56:42.787] [exthost] [info] ExtensionService#loadCommonJSModule file:///home/keymy00njae/.vscode-server/bin/7f6ab5485bbc008386c4386d08766667e155244e/extensions/merge-conflict/dist/mergeConflictMain
[2021-09-26 12:56:42.822] [exthost] [info] eager extensions activated
[2021-09-26 12:56:52.829] [exthost] [info] ExtensionService#_doActivateExtension vscode.extension-editing {"startup":false,"extensionId":{"value":"vscode.extension-editing","_lower":"vscode.extension-editing"},"activationEvent":"onLanguage:typescript"}
[2021-09-26 12:56:52.829] [exthost] [info] ExtensionService#loadCommonJSModule file:///home/keymy00njae/.vscode-server/bin/7f6ab5485bbc008386c4386d08766667e155244e/extensions/extension-editing/dist/extensionEditingMain
[2021-09-26 13:31:39.120] [exthost] [error] [vscode.typescript-language-features] provider FAILED
[2021-09-26 13:31:39.122] [exthost] [error] Error: <semantic> TypeScript Server Error (4.4.3)
Cannot read property '0' of undefined
TypeError: Cannot read property '0' of undefined
    at getModuleSpecifierExpression (/home/keymy00njae/.vscode-server/bin/7f6ab5485bbc008386c4386d08766667e155244e/extensions/node_modules/typescript/lib/tsserver.js:134763:93)
    at compareImportsOrRequireStatements (/home/keymy00njae/.vscode-server/bin/7f6ab5485bbc008386c4386d08766667e155244e/extensions/node_modules/typescript/lib/tsserver.js:134785:44)
    at Object.arrayIsSorted (/home/keymy00njae/.vscode-server/bin/7f6ab5485bbc008386c4386d08766667e155244e/extensions/node_modules/typescript/lib/tsserver.js:884:17)
    at Object.importsAreSorted (/home/keymy00njae/.vscode-server/bin/7f6ab5485bbc008386c4386d08766667e155244e/extensions/node_modules/typescript/lib/tsserver.js:134767:23)
    at Object.insertImports (/home/keymy00njae/.vscode-server/bin/7f6ab5485bbc008386c4386d08766667e155244e/extensions/node_modules/typescript/lib/tsserver.js:122319:65)
    at codeActionForFixWorker (/home/keymy00njae/.vscode-server/bin/7f6ab5485bbc008386c4386d08766667e155244e/extensions/node_modules/typescript/lib/tsserver.js:145726:24)
    at /home/keymy00njae/.vscode-server/bin/7f6ab5485bbc008386c4386d08766667e155244e/extensions/node_modules/typescript/lib/tsserver.js:145702:24
    at Function.ChangeTracker.with (/home/keymy00njae/.vscode-server/bin/7f6ab5485bbc008386c4386d08766667e155244e/extensions/node_modules/typescript/lib/tsserver.js:141539:17)
    at codeActionForFix (/home/keymy00njae/.vscode-server/bin/7f6ab5485bbc008386c4386d08766667e155244e/extensions/node_modules/typescript/lib/tsserver.js:145701:60)
    at Object.getImportCompletionAction (/home/keymy00njae/.vscode-server/bin/7f6ab5485bbc008386c4386d08766667e155244e/extensions/node_modules/typescript/lib/tsserver.js:145266:98)
    at getCompletionEntryCodeActionsAndSourceDisplay (/home/keymy00njae/.vscode-server/bin/7f6ab5485bbc008386c4386d08766667e155244e/extensions/node_modules/typescript/lib/tsserver.js:126515:33)
    at Object.getCompletionEntryDetails (/home/keymy00njae/.vscode-server/bin/7f6ab5485bbc008386c4386d08766667e155244e/extensions/node_modules/typescript/lib/tsserver.js:126472:30)
    at Proxy.getCompletionEntryDetails (/home/keymy00njae/.vscode-server/bin/7f6ab5485bbc008386c4386d08766667e155244e/extensions/node_modules/typescript/lib/tsserver.js:156798:35)
    at /home/keymy00njae/.vscode-server/bin/7f6ab5485bbc008386c4386d08766667e155244e/extensions/node_modules/typescript/lib/tsserver.js:168262:57
    at Object.mapDefined (/home/keymy00njae/.vscode-server/bin/7f6ab5485bbc008386c4386d08766667e155244e/extensions/node_modules/typescript/lib/tsserver.js:616:30)
    at IOSession.Session.getCompletionEntryDetails (/home/keymy00njae/.vscode-server/bin/7f6ab5485bbc008386c4386d08766667e155244e/extensions/node_modules/typescript/lib/tsserver.js:168260:33)
    at Session.handlers.ts.Map.ts.getEntries._a.<computed> (/home/keymy00njae/.vscode-server/bin/7f6ab5485bbc008386c4386d08766667e155244e/extensions/node_modules/typescript/lib/tsserver.js:167087:61)
    at /home/keymy00njae/.vscode-server/bin/7f6ab5485bbc008386c4386d08766667e155244e/extensions/node_modules/typescript/lib/tsserver.js:168880:88
    at IOSession.Session.executeWithRequestId (/home/keymy00njae/.vscode-server/bin/7f6ab5485bbc008386c4386d08766667e155244e/extensions/node_modules/typescript/lib/tsserver.js:168871:28)
    at IOSession.Session.executeCommand (/home/keymy00njae/.vscode-server/bin/7f6ab5485bbc008386c4386d08766667e155244e/extensions/node_modules/typescript/lib/tsserver.js:168880:33)
    at IOSession.Session.onMessage (/home/keymy00njae/.vscode-server/bin/7f6ab5485bbc008386c4386d08766667e155244e/extensions/node_modules/typescript/lib/tsserver.js:168906:35)
    at Interface.<anonymous> (/home/keymy00njae/.vscode-server/bin/7f6ab5485bbc008386c4386d08766667e155244e/extensions/node_modules/typescript/lib/tsserver.js:171511:31)
    at Interface.emit (events.js:315:20)
    at Interface._onLine (readline.js:337:10)
    at Interface._normalWrite (readline.js:482:12)
    at Socket.ondata (readline.js:194:10)
    at Socket.emit (events.js:315:20)
    at addChunk (internal/streams/readable.js:309:12)
    at readableAddChunk (internal/streams/readable.js:284:9)
    at Socket.Readable.push (internal/streams/readable.js:223:10)
    at Pipe.onStreamRead (internal/stream_base_commons.js:188:23)
	at Function.create (/home/keymy00njae/.vscode-server/bin/7f6ab5485bbc008386c4386d08766667e155244e/extensions/typescript-language-features/dist/extension.js:1:461137)
	at dispatchResponse (/home/keymy00njae/.vscode-server/bin/7f6ab5485bbc008386c4386d08766667e155244e/extensions/typescript-language-features/dist/extension.js:1:454973)
	at dispatchMessage (/home/keymy00njae/.vscode-server/bin/7f6ab5485bbc008386c4386d08766667e155244e/extensions/typescript-language-features/dist/extension.js:1:453830)
	at /home/keymy00njae/.vscode-server/bin/7f6ab5485bbc008386c4386d08766667e155244e/extensions/typescript-language-features/dist/extension.js:1:453315
	at c.fire (/home/keymy00njae/.vscode-server/bin/7f6ab5485bbc008386c4386d08766667e155244e/out/vs/server/remoteExtensionHostProcess.js:66:1712)
	at m.onLengthData (/home/keymy00njae/.vscode-server/bin/7f6ab5485bbc008386c4386d08766667e155244e/extensions/typescript-language-features/dist/extension.js:1:464066)
	at Socket.<anonymous> (/home/keymy00njae/.vscode-server/bin/7f6ab5485bbc008386c4386d08766667e155244e/extensions/typescript-language-features/dist/extension.js:1:463713)
	at Socket.emit (events.js:315:20)
	at addChunk (internal/streams/readable.js:309:12)
	at readableAddChunk (internal/streams/readable.js:284:9)
	at Socket.Readable.push (internal/streams/readable.js:223:10)
	at Pipe.onStreamRead (internal/stream_base_commons.js:188:23)
[2021-09-26 13:31:39.595] [exthost] [error] [vscode.typescript-language-features] provider FAILED
[2021-09-26 13:31:39.596] [exthost] [error] Error: <semantic> TypeScript Server Error (4.4.3)
Cannot read property '0' of undefined
TypeError: Cannot read property '0' of undefined
    at getModuleSpecifierExpression (/home/keymy00njae/.vscode-server/bin/7f6ab5485bbc008386c4386d08766667e155244e/extensions/node_modules/typescript/lib/tsserver.js:134763:93)
    at compareImportsOrRequireStatements (/home/keymy00njae/.vscode-server/bin/7f6ab5485bbc008386c4386d08766667e155244e/extensions/node_modules/typescript/lib/tsserver.js:134785:44)
    at Object.arrayIsSorted (/home/keymy00njae/.vscode-server/bin/7f6ab5485bbc008386c4386d08766667e155244e/extensions/node_modules/typescript/lib/tsserver.js:884:17)
    at Object.importsAreSorted (/home/keymy00njae/.vscode-server/bin/7f6ab5485bbc008386c4386d08766667e155244e/extensions/node_modules/typescript/lib/tsserver.js:134767:23)
    at Object.insertImports (/home/keymy00njae/.vscode-server/bin/7f6ab5485bbc008386c4386d08766667e155244e/extensions/node_modules/typescript/lib/tsserver.js:122319:65)
    at codeActionForFixWorker (/home/keymy00njae/.vscode-server/bin/7f6ab5485bbc008386c4386d08766667e155244e/extensions/node_modules/typescript/lib/tsserver.js:145726:24)
    at /home/keymy00njae/.vscode-server/bin/7f6ab5485bbc008386c4386d08766667e155244e/extensions/node_modules/typescript/lib/tsserver.js:145702:24
    at Function.ChangeTracker.with (/home/keymy00njae/.vscode-server/bin/7f6ab5485bbc008386c4386d08766667e155244e/extensions/node_modules/typescript/lib/tsserver.js:141539:17)
    at codeActionForFix (/home/keymy00njae/.vscode-server/bin/7f6ab5485bbc008386c4386d08766667e155244e/extensions/node_modules/typescript/lib/tsserver.js:145701:60)
    at Object.getImportCompletionAction (/home/keymy00njae/.vscode-server/bin/7f6ab5485bbc008386c4386d08766667e155244e/extensions/node_modules/typescript/lib/tsserver.js:145266:98)
    at getCompletionEntryCodeActionsAndSourceDisplay (/home/keymy00njae/.vscode-server/bin/7f6ab5485bbc008386c4386d08766667e155244e/extensions/node_modules/typescript/lib/tsserver.js:126515:33)
    at Object.getCompletionEntryDetails (/home/keymy00njae/.vscode-server/bin/7f6ab5485bbc008386c4386d08766667e155244e/extensions/node_modules/typescript/lib/tsserver.js:126472:30)
    at Proxy.getCompletionEntryDetails (/home/keymy00njae/.vscode-server/bin/7f6ab5485bbc008386c4386d08766667e155244e/extensions/node_modules/typescript/lib/tsserver.js:156798:35)
    at /home/keymy00njae/.vscode-server/bin/7f6ab5485bbc008386c4386d08766667e155244e/extensions/node_modules/typescript/lib/tsserver.js:168262:57
    at Object.mapDefined (/home/keymy00njae/.vscode-server/bin/7f6ab5485bbc008386c4386d08766667e155244e/extensions/node_modules/typescript/lib/tsserver.js:616:30)
    at IOSession.Session.getCompletionEntryDetails (/home/keymy00njae/.vscode-server/bin/7f6ab5485bbc008386c4386d08766667e155244e/extensions/node_modules/typescript/lib/tsserver.js:168260:33)
    at Session.handlers.ts.Map.ts.getEntries._a.<computed> (/home/keymy00njae/.vscode-server/bin/7f6ab5485bbc008386c4386d08766667e155244e/extensions/node_modules/typescript/lib/tsserver.js:167087:61)
    at /home/keymy00njae/.vscode-server/bin/7f6ab5485bbc008386c4386d08766667e155244e/extensions/node_modules/typescript/lib/tsserver.js:168880:88
    at IOSession.Session.executeWithRequestId (/home/keymy00njae/.vscode-server/bin/7f6ab5485bbc008386c4386d08766667e155244e/extensions/node_modules/typescript/lib/tsserver.js:168871:28)
    at IOSession.Session.executeCommand (/home/keymy00njae/.vscode-server/bin/7f6ab5485bbc008386c4386d08766667e155244e/extensions/node_modules/typescript/lib/tsserver.js:168880:33)
    at IOSession.Session.onMessage (/home/keymy00njae/.vscode-server/bin/7f6ab5485bbc008386c4386d08766667e155244e/extensions/node_modules/typescript/lib/tsserver.js:168906:35)
    at Interface.<anonymous> (/home/keymy00njae/.vscode-server/bin/7f6ab5485bbc008386c4386d08766667e155244e/extensions/node_modules/typescript/lib/tsserver.js:171511:31)
    at Interface.emit (events.js:315:20)
    at Interface._onLine (readline.js:337:10)
    at Interface._normalWrite (readline.js:482:12)
    at Socket.ondata (readline.js:194:10)
    at Socket.emit (events.js:315:20)
    at addChunk (internal/streams/readable.js:309:12)
    at readableAddChunk (internal/streams/readable.js:284:9)
    at Socket.Readable.push (internal/streams/readable.js:223:10)
    at Pipe.onStreamRead (internal/stream_base_commons.js:188:23)
	at Function.create (/home/keymy00njae/.vscode-server/bin/7f6ab5485bbc008386c4386d08766667e155244e/extensions/typescript-language-features/dist/extension.js:1:461137)
	at dispatchResponse (/home/keymy00njae/.vscode-server/bin/7f6ab5485bbc008386c4386d08766667e155244e/extensions/typescript-language-features/dist/extension.js:1:454973)
	at dispatchMessage (/home/keymy00njae/.vscode-server/bin/7f6ab5485bbc008386c4386d08766667e155244e/extensions/typescript-language-features/dist/extension.js:1:453830)
	at /home/keymy00njae/.vscode-server/bin/7f6ab5485bbc008386c4386d08766667e155244e/extensions/typescript-language-features/dist/extension.js:1:453315
	at c.fire (/home/keymy00njae/.vscode-server/bin/7f6ab5485bbc008386c4386d08766667e155244e/out/vs/server/remoteExtensionHostProcess.js:66:1712)
	at m.onLengthData (/home/keymy00njae/.vscode-server/bin/7f6ab5485bbc008386c4386d08766667e155244e/extensions/typescript-language-features/dist/extension.js:1:464066)
	at Socket.<anonymous> (/home/keymy00njae/.vscode-server/bin/7f6ab5485bbc008386c4386d08766667e155244e/extensions/typescript-language-features/dist/extension.js:1:463713)
	at Socket.emit (events.js:315:20)
	at addChunk (internal/streams/readable.js:309:12)
	at readableAddChunk (internal/streams/readable.js:284:9)
	at Socket.Readable.push (internal/streams/readable.js:223:10)
	at Pipe.onStreamRead (internal/stream_base_commons.js:188:23)
[2021-09-26 13:34:16.038] [exthost] [error] [vscode.typescript-language-features] provider FAILED
[2021-09-26 13:34:16.039] [exthost] [error] Error: <semantic> TypeScript Server Error (4.4.3)
Cannot read property '0' of undefined
TypeError: Cannot read property '0' of undefined
    at getModuleSpecifierExpression (/home/keymy00njae/.vscode-server/bin/7f6ab5485bbc008386c4386d08766667e155244e/extensions/node_modules/typescript/lib/tsserver.js:134763:93)
    at compareImportsOrRequireStatements (/home/keymy00njae/.vscode-server/bin/7f6ab5485bbc008386c4386d08766667e155244e/extensions/node_modules/typescript/lib/tsserver.js:134785:44)
    at Object.arrayIsSorted (/home/keymy00njae/.vscode-server/bin/7f6ab5485bbc008386c4386d08766667e155244e/extensions/node_modules/typescript/lib/tsserver.js:884:17)
    at Object.importsAreSorted (/home/keymy00njae/.vscode-server/bin/7f6ab5485bbc008386c4386d08766667e155244e/extensions/node_modules/typescript/lib/tsserver.js:134767:23)
    at Object.insertImports (/home/keymy00njae/.vscode-server/bin/7f6ab5485bbc008386c4386d08766667e155244e/extensions/node_modules/typescript/lib/tsserver.js:122319:65)
    at codeActionForFixWorker (/home/keymy00njae/.vscode-server/bin/7f6ab5485bbc008386c4386d08766667e155244e/extensions/node_modules/typescript/lib/tsserver.js:145726:24)
    at /home/keymy00njae/.vscode-server/bin/7f6ab5485bbc008386c4386d08766667e155244e/extensions/node_modules/typescript/lib/tsserver.js:145702:24
    at Function.ChangeTracker.with (/home/keymy00njae/.vscode-server/bin/7f6ab5485bbc008386c4386d08766667e155244e/extensions/node_modules/typescript/lib/tsserver.js:141539:17)
    at codeActionForFix (/home/keymy00njae/.vscode-server/bin/7f6ab5485bbc008386c4386d08766667e155244e/extensions/node_modules/typescript/lib/tsserver.js:145701:60)
    at Object.getImportCompletionAction (/home/keymy00njae/.vscode-server/bin/7f6ab5485bbc008386c4386d08766667e155244e/extensions/node_modules/typescript/lib/tsserver.js:145266:98)
    at getCompletionEntryCodeActionsAndSourceDisplay (/home/keymy00njae/.vscode-server/bin/7f6ab5485bbc008386c4386d08766667e155244e/extensions/node_modules/typescript/lib/tsserver.js:126515:33)
    at Object.getCompletionEntryDetails (/home/keymy00njae/.vscode-server/bin/7f6ab5485bbc008386c4386d08766667e155244e/extensions/node_modules/typescript/lib/tsserver.js:126472:30)
    at Proxy.getCompletionEntryDetails (/home/keymy00njae/.vscode-server/bin/7f6ab5485bbc008386c4386d08766667e155244e/extensions/node_modules/typescript/lib/tsserver.js:156798:35)
    at /home/keymy00njae/.vscode-server/bin/7f6ab5485bbc008386c4386d08766667e155244e/extensions/node_modules/typescript/lib/tsserver.js:168262:57
    at Object.mapDefined (/home/keymy00njae/.vscode-server/bin/7f6ab5485bbc008386c4386d08766667e155244e/extensions/node_modules/typescript/lib/tsserver.js:616:30)
    at IOSession.Session.getCompletionEntryDetails (/home/keymy00njae/.vscode-server/bin/7f6ab5485bbc008386c4386d08766667e155244e/extensions/node_modules/typescript/lib/tsserver.js:168260:33)
    at Session.handlers.ts.Map.ts.getEntries._a.<computed> (/home/keymy00njae/.vscode-server/bin/7f6ab5485bbc008386c4386d08766667e155244e/extensions/node_modules/typescript/lib/tsserver.js:167087:61)
    at /home/keymy00njae/.vscode-server/bin/7f6ab5485bbc008386c4386d08766667e155244e/extensions/node_modules/typescript/lib/tsserver.js:168880:88
    at IOSession.Session.executeWithRequestId (/home/keymy00njae/.vscode-server/bin/7f6ab5485bbc008386c4386d08766667e155244e/extensions/node_modules/typescript/lib/tsserver.js:168871:28)
    at IOSession.Session.executeCommand (/home/keymy00njae/.vscode-server/bin/7f6ab5485bbc008386c4386d08766667e155244e/extensions/node_modules/typescript/lib/tsserver.js:168880:33)
    at IOSession.Session.onMessage (/home/keymy00njae/.vscode-server/bin/7f6ab5485bbc008386c4386d08766667e155244e/extensions/node_modules/typescript/lib/tsserver.js:168906:35)
    at Interface.<anonymous> (/home/keymy00njae/.vscode-server/bin/7f6ab5485bbc008386c4386d08766667e155244e/extensions/node_modules/typescript/lib/tsserver.js:171511:31)
    at Interface.emit (events.js:315:20)
    at Interface._onLine (readline.js:337:10)
    at Interface._normalWrite (readline.js:482:12)
    at Socket.ondata (readline.js:194:10)
    at Socket.emit (events.js:315:20)
    at addChunk (internal/streams/readable.js:309:12)
    at readableAddChunk (internal/streams/readable.js:284:9)
    at Socket.Readable.push (internal/streams/readable.js:223:10)
    at Pipe.onStreamRead (internal/stream_base_commons.js:188:23)
	at Function.create (/home/keymy00njae/.vscode-server/bin/7f6ab5485bbc008386c4386d08766667e155244e/extensions/typescript-language-features/dist/extension.js:1:461137)
	at dispatchResponse (/home/keymy00njae/.vscode-server/bin/7f6ab5485bbc008386c4386d08766667e155244e/extensions/typescript-language-features/dist/extension.js:1:454973)
	at dispatchMessage (/home/keymy00njae/.vscode-server/bin/7f6ab5485bbc008386c4386d08766667e155244e/extensions/typescript-language-features/dist/extension.js:1:453830)
	at /home/keymy00njae/.vscode-server/bin/7f6ab5485bbc008386c4386d08766667e155244e/extensions/typescript-language-features/dist/extension.js:1:453315
	at c.fire (/home/keymy00njae/.vscode-server/bin/7f6ab5485bbc008386c4386d08766667e155244e/out/vs/server/remoteExtensionHostProcess.js:66:1712)
	at m.onLengthData (/home/keymy00njae/.vscode-server/bin/7f6ab5485bbc008386c4386d08766667e155244e/extensions/typescript-language-features/dist/extension.js:1:464066)
	at Socket.<anonymous> (/home/keymy00njae/.vscode-server/bin/7f6ab5485bbc008386c4386d08766667e155244e/extensions/typescript-language-features/dist/extension.js:1:463713)
	at Socket.emit (events.js:315:20)
	at addChunk (internal/streams/readable.js:309:12)
	at readableAddChunk (internal/streams/readable.js:284:9)
	at Socket.Readable.push (internal/streams/readable.js:223:10)
	at Pipe.onStreamRead (internal/stream_base_commons.js:188:23)
[2021-09-26 14:35:51.873] [exthost] [warning] [Decorations] CAPPING events from decorations provider vscode.git 5000
[2021-09-26 14:35:53.898] [exthost] [warning] [Decorations] CAPPING events from decorations provider vscode.git 5102
[2021-09-26 14:35:55.849] [exthost] [warning] [Decorations] CAPPING events from decorations provider vscode.git 1737
[2021-09-26 14:36:01.003] [exthost] [warning] [Decorations] CAPPING events from decorations provider vscode.git 1737
[2021-09-26 14:36:06.260] [exthost] [warning] [Decorations] CAPPING events from decorations provider vscode.git 1738
[2021-09-26 14:36:11.383] [exthost] [warning] [Decorations] CAPPING events from decorations provider vscode.git 1738
[2021-09-26 14:36:16.521] [exthost] [warning] [Decorations] CAPPING events from decorations provider vscode.git 1738
[2021-09-26 14:36:21.639] [exthost] [warning] [Decorations] CAPPING events from decorations provider vscode.git 1738
[2021-09-26 14:36:26.783] [exthost] [warning] [Decorations] CAPPING events from decorations provider vscode.git 1738
[2021-09-26 14:36:31.930] [exthost] [warning] [Decorations] CAPPING events from decorations provider vscode.git 1738
[2021-09-26 14:36:42.831] [exthost] [warning] [Decorations] CAPPING events from decorations provider vscode.git 5000
[2021-09-26 14:36:55.820] [exthost] [warning] [Decorations] CAPPING events from decorations provider vscode.git 5000
[2021-09-26 14:37:00.397] [exthost] [warning] [Decorations] CAPPING events from decorations provider vscode.git 5102
[2021-09-26 14:37:04.326] [exthost] [warning] [Decorations] CAPPING events from decorations provider vscode.git 1737
[2021-09-26 14:37:09.467] [exthost] [warning] [Decorations] CAPPING events from decorations provider vscode.git 1737
[2021-09-26 14:37:14.624] [exthost] [warning] [Decorations] CAPPING events from decorations provider vscode.git 1738
[2021-09-26 14:37:19.755] [exthost] [warning] [Decorations] CAPPING events from decorations provider vscode.git 1738
[2021-09-26 14:37:24.875] [exthost] [warning] [Decorations] CAPPING events from decorations provider vscode.git 1738
[2021-09-26 14:37:29.994] [exthost] [warning] [Decorations] CAPPING events from decorations provider vscode.git 1738
[2021-09-26 14:37:35.121] [exthost] [warning] [Decorations] CAPPING events from decorations provider vscode.git 1738
[2021-09-26 14:37:40.249] [exthost] [warning] [Decorations] CAPPING events from decorations provider vscode.git 1738
[2021-09-26 14:37:45.381] [exthost] [warning] [Decorations] CAPPING events from decorations provider vscode.git 1738
[2021-09-26 14:37:50.510] [exthost] [warning] [Decorations] CAPPING events from decorations provider vscode.git 1738
[2021-09-26 14:37:55.637] [exthost] [warning] [Decorations] CAPPING events from decorations provider vscode.git 1738
[2021-09-26 14:38:00.763] [exthost] [warning] [Decorations] CAPPING events from decorations provider vscode.git 1738
[2021-09-26 14:38:05.884] [exthost] [warning] [Decorations] CAPPING events from decorations provider vscode.git 1738
[2021-09-26 14:38:11.014] [exthost] [warning] [Decorations] CAPPING events from decorations provider vscode.git 1738
