[2021-09-24 07:02:43.695] [exthost] [info] extension host started
[2021-09-24 07:02:43.724] [exthost] [info] Lock '/home/keymy00njae/.vscode-server/data/User/workspaceStorage/7fc4c10cffd935e2e64412392e02447d/vscode.lock': Lock acquired.
[2021-09-24 07:02:43.836] [exthost] [info] ExtensionService#_doActivateExtension vscode.typescript-language-features {"startup":false,"extensionId":{"value":"vscode.typescript-language-features","_lower":"vscode.typescript-language-features"},"activationEvent":"onLanguage:javascript"}
[2021-09-24 07:02:43.836] [exthost] [info] ExtensionService#loadCommonJSModule file:///home/keymy00njae/.vscode-server/bin/83bd43bc519d15e50c4272c6cf5c1479df196a4d/extensions/typescript-language-features/dist/extension
[2021-09-24 07:02:44.046] [exthost] [info] ExtensionService#_doActivateExtension vscode.debug-auto-launch {"startup":true,"extensionId":{"value":"vscode.debug-auto-launch","_lower":"vscode.debug-auto-launch"},"activationEvent":"*"}
[2021-09-24 07:02:44.046] [exthost] [info] ExtensionService#loadCommonJSModule file:///home/keymy00njae/.vscode-server/bin/83bd43bc519d15e50c4272c6cf5c1479df196a4d/extensions/debug-auto-launch/dist/extension
[2021-09-24 07:02:44.054] [exthost] [info] ExtensionService#_doActivateExtension vscode.git {"startup":true,"extensionId":{"value":"vscode.github","_lower":"vscode.github"},"activationEvent":"*"}
[2021-09-24 07:02:44.054] [exthost] [info] ExtensionService#loadCommonJSModule file:///home/keymy00njae/.vscode-server/bin/83bd43bc519d15e50c4272c6cf5c1479df196a4d/extensions/git/dist/main
[2021-09-24 07:02:45.089] [exthost] [info] ExtensionService#_doActivateExtension vscode.github {"startup":true,"extensionId":{"value":"vscode.github","_lower":"vscode.github"},"activationEvent":"*"}
[2021-09-24 07:02:45.089] [exthost] [info] ExtensionService#loadCommonJSModule file:///home/keymy00njae/.vscode-server/bin/83bd43bc519d15e50c4272c6cf5c1479df196a4d/extensions/github/dist/extension.js
[2021-09-24 07:02:45.701] [exthost] [info] ExtensionService#_doActivateExtension vscode.emmet {"startup":false,"extensionId":{"value":"vscode.emmet","_lower":"vscode.emmet"},"activationEvent":"onStartupFinished"}
[2021-09-24 07:02:45.701] [exthost] [info] ExtensionService#loadCommonJSModule file:///home/keymy00njae/.vscode-server/bin/83bd43bc519d15e50c4272c6cf5c1479df196a4d/extensions/emmet/dist/node/emmetNodeMain
[2021-09-24 07:02:45.774] [exthost] [info] ExtensionService#_doActivateExtension vscode.merge-conflict {"startup":false,"extensionId":{"value":"vscode.merge-conflict","_lower":"vscode.merge-conflict"},"activationEvent":"onStartupFinished"}
[2021-09-24 07:02:45.774] [exthost] [info] ExtensionService#loadCommonJSModule file:///home/keymy00njae/.vscode-server/bin/83bd43bc519d15e50c4272c6cf5c1479df196a4d/extensions/merge-conflict/dist/mergeConflictMain
[2021-09-24 07:02:45.791] [exthost] [info] eager extensions activated
[2021-09-24 07:02:45.926] [exthost] [info] ExtensionService#_doActivateExtension ms-vscode.js-debug {"startup":false,"extensionId":{"value":"ms-vscode.js-debug","_lower":"ms-vscode.js-debug"},"activationEvent":"onCommand:extension.js-debug.clearAutoAttachVariables"}
[2021-09-24 07:02:45.926] [exthost] [info] ExtensionService#loadCommonJSModule file:///home/keymy00njae/.vscode-server/bin/83bd43bc519d15e50c4272c6cf5c1479df196a4d/extensions/ms-vscode.js-debug/src/extension.js
[2021-09-24 07:06:41.708] [exthost] [info] ExtensionService#_doActivateExtension vscode.extension-editing {"startup":false,"extensionId":{"value":"vscode.extension-editing","_lower":"vscode.extension-editing"},"activationEvent":"onLanguage:typescript"}
[2021-09-24 07:06:41.708] [exthost] [info] ExtensionService#loadCommonJSModule file:///home/keymy00njae/.vscode-server/bin/83bd43bc519d15e50c4272c6cf5c1479df196a4d/extensions/extension-editing/dist/extensionEditingMain
[2021-09-24 07:27:19.817] [exthost] [info] extension host terminating: renderer disconnected for too long (2)
[2021-09-24 07:40:04.857] [exthost] [info] Lock '/home/keymy00njae/.vscode-server/data/User/workspaceStorage/7fc4c10cffd935e2e64412392e02447d/vscode.lock': Marking the lockfile as scheduled to be released in 6000 ms.
