[2021-09-23 08:05:06.484] [exthost] [info] extension host started
[2021-09-23 08:05:06.499] [exthost] [info] Lock '/home/keymy00njae/.vscode-server/data/User/workspaceStorage/7fc4c10cffd935e2e64412392e02447d/vscode.lock': Lock acquired.
[2021-09-23 08:05:06.624] [exthost] [info] ExtensionService#_doActivateExtension vscode.typescript-language-features {"startup":false,"extensionId":{"value":"vscode.typescript-language-features","_lower":"vscode.typescript-language-features"},"activationEvent":"onLanguage:javascript"}
[2021-09-23 08:05:06.625] [exthost] [info] ExtensionService#loadCommonJSModule file:///home/keymy00njae/.vscode-server/bin/83bd43bc519d15e50c4272c6cf5c1479df196a4d/extensions/typescript-language-features/dist/extension
[2021-09-23 08:05:06.831] [exthost] [info] ExtensionService#_doActivateExtension vscode.debug-auto-launch {"startup":true,"extensionId":{"value":"vscode.debug-auto-launch","_lower":"vscode.debug-auto-launch"},"activationEvent":"*"}
[2021-09-23 08:05:06.831] [exthost] [info] ExtensionService#loadCommonJSModule file:///home/keymy00njae/.vscode-server/bin/83bd43bc519d15e50c4272c6cf5c1479df196a4d/extensions/debug-auto-launch/dist/extension
[2021-09-23 08:05:06.840] [exthost] [info] ExtensionService#_doActivateExtension vscode.git {"startup":true,"extensionId":{"value":"vscode.github","_lower":"vscode.github"},"activationEvent":"*"}
[2021-09-23 08:05:06.840] [exthost] [info] ExtensionService#loadCommonJSModule file:///home/keymy00njae/.vscode-server/bin/83bd43bc519d15e50c4272c6cf5c1479df196a4d/extensions/git/dist/main
[2021-09-23 08:05:07.578] [exthost] [info] ExtensionService#_doActivateExtension vscode.github {"startup":true,"extensionId":{"value":"vscode.github","_lower":"vscode.github"},"activationEvent":"*"}
[2021-09-23 08:05:07.578] [exthost] [info] ExtensionService#loadCommonJSModule file:///home/keymy00njae/.vscode-server/bin/83bd43bc519d15e50c4272c6cf5c1479df196a4d/extensions/github/dist/extension.js
[2021-09-23 08:05:07.976] [exthost] [info] ExtensionService#_doActivateExtension vscode.emmet {"startup":false,"extensionId":{"value":"vscode.emmet","_lower":"vscode.emmet"},"activationEvent":"onStartupFinished"}
[2021-09-23 08:05:07.976] [exthost] [info] ExtensionService#loadCommonJSModule file:///home/keymy00njae/.vscode-server/bin/83bd43bc519d15e50c4272c6cf5c1479df196a4d/extensions/emmet/dist/node/emmetNodeMain
[2021-09-23 08:05:08.050] [exthost] [info] ExtensionService#_doActivateExtension vscode.merge-conflict {"startup":false,"extensionId":{"value":"vscode.merge-conflict","_lower":"vscode.merge-conflict"},"activationEvent":"onStartupFinished"}
[2021-09-23 08:05:08.050] [exthost] [info] ExtensionService#loadCommonJSModule file:///home/keymy00njae/.vscode-server/bin/83bd43bc519d15e50c4272c6cf5c1479df196a4d/extensions/merge-conflict/dist/mergeConflictMain
[2021-09-23 08:05:08.065] [exthost] [info] eager extensions activated
[2021-09-23 08:05:08.178] [exthost] [info] ExtensionService#_doActivateExtension ms-vscode.js-debug {"startup":false,"extensionId":{"value":"ms-vscode.js-debug","_lower":"ms-vscode.js-debug"},"activationEvent":"onCommand:extension.js-debug.clearAutoAttachVariables"}
[2021-09-23 08:05:08.178] [exthost] [info] ExtensionService#loadCommonJSModule file:///home/keymy00njae/.vscode-server/bin/83bd43bc519d15e50c4272c6cf5c1479df196a4d/extensions/ms-vscode.js-debug/src/extension.js
[2021-09-23 08:05:43.049] [exthost] [info] ExtensionService#_doActivateExtension vscode.extension-editing {"startup":false,"extensionId":{"value":"vscode.extension-editing","_lower":"vscode.extension-editing"},"activationEvent":"onLanguage:typescript"}
[2021-09-23 08:05:43.051] [exthost] [info] ExtensionService#loadCommonJSModule file:///home/keymy00njae/.vscode-server/bin/83bd43bc519d15e50c4272c6cf5c1479df196a4d/extensions/extension-editing/dist/extensionEditingMain
[2021-09-23 08:07:36.702] [exthost] [info] ExtensionService#_doActivateExtension vscode.markdown-language-features {"startup":false,"extensionId":{"value":"vscode.markdown-language-features","_lower":"vscode.markdown-language-features"},"activationEvent":"onLanguage:markdown"}
[2021-09-23 08:07:36.702] [exthost] [info] ExtensionService#loadCommonJSModule file:///home/keymy00njae/.vscode-server/bin/83bd43bc519d15e50c4272c6cf5c1479df196a4d/extensions/markdown-language-features/dist/extension
[2021-09-23 08:07:36.948] [exthost] [info] ExtensionService#_doActivateExtension vscode.markdown-math {"startup":false,"extensionId":{"value":"vscode.markdown-language-features","_lower":"vscode.markdown-language-features"},"activationEvent":"api"}
[2021-09-23 08:07:36.949] [exthost] [info] ExtensionService#loadCommonJSModule file:///home/keymy00njae/.vscode-server/bin/83bd43bc519d15e50c4272c6cf5c1479df196a4d/extensions/markdown-math/dist/extension
[2021-09-23 08:07:37.095] [exthost] [info] ExtensionService#_doActivateExtension vscode.configuration-editing {"startup":false,"extensionId":{"value":"vscode.configuration-editing","_lower":"vscode.configuration-editing"},"activationEvent":"onLanguage:json"}
[2021-09-23 08:07:37.095] [exthost] [info] ExtensionService#loadCommonJSModule file:///home/keymy00njae/.vscode-server/bin/83bd43bc519d15e50c4272c6cf5c1479df196a4d/extensions/configuration-editing/dist/configurationEditingMain
[2021-09-23 08:07:37.104] [exthost] [info] ExtensionService#_doActivateExtension vscode.json-language-features {"startup":false,"extensionId":{"value":"vscode.json-language-features","_lower":"vscode.json-language-features"},"activationEvent":"onLanguage:json"}
[2021-09-23 08:07:37.104] [exthost] [info] ExtensionService#loadCommonJSModule file:///home/keymy00njae/.vscode-server/bin/83bd43bc519d15e50c4272c6cf5c1479df196a4d/extensions/json-language-features/client/dist/node/jsonClientMain
[2021-09-23 08:07:37.218] [exthost] [info] ExtensionService#_doActivateExtension vscode.npm {"startup":false,"extensionId":{"value":"vscode.npm","_lower":"vscode.npm"},"activationEvent":"onLanguage:json"}
[2021-09-23 08:07:37.218] [exthost] [info] ExtensionService#loadCommonJSModule file:///home/keymy00njae/.vscode-server/bin/83bd43bc519d15e50c4272c6cf5c1479df196a4d/extensions/npm/dist/npmMain
[2021-09-24 02:23:51.147] [exthost] [info] extension host terminating: renderer disconnected for too long (1)
[2021-09-24 02:23:51.149] [exthost] [info] Lock '/home/keymy00njae/.vscode-server/data/User/workspaceStorage/7fc4c10cffd935e2e64412392e02447d/vscode.lock': Marking the lockfile as scheduled to be released in 6000 ms.
[2021-09-24 02:23:52.181] [exthost] [info] exiting with code 0
