[Info  - 07:42:48.866] Starting TS Server 
[Info  - 07:42:48.866] Using tsserver from: /home/keymy00njae/.vscode-server/bin/7f6ab5485bbc008386c4386d08766667e155244e/extensions/node_modules/typescript/lib/tsserver.js
[Info  - 07:42:48.868] <syntax> Forking...
[Info  - 07:42:48.874] <syntax> Starting...
[Info  - 07:42:48.875] <semantic> Forking...
[Info  - 07:42:48.885] <semantic> Starting...
[Info  - 08:37:29.346] TSServer exited. Signal: SIGKILL
[Info  - 08:37:29.442] Starting TS Server 
[Info  - 08:37:29.442] Using tsserver from: /home/keymy00njae/.vscode-server/bin/7f6ab5485bbc008386c4386d08766667e155244e/extensions/node_modules/typescript/lib/tsserver.js
[Info  - 08:37:30.288] <syntax> Forking...
[Info  - 08:37:30.442] <syntax> Starting...
[Info  - 08:37:30.443] <semantic> Forking...
[Info  - 08:37:30.449] <semantic> Starting...
[Info  - 08:52:03.581] TSServer exited. Signal: SIGKILL
[Info  - 08:52:03.983] Starting TS Server 
[Info  - 08:52:03.983] Using tsserver from: /home/keymy00njae/.vscode-server/bin/7f6ab5485bbc008386c4386d08766667e155244e/extensions/node_modules/typescript/lib/tsserver.js
[Info  - 08:52:04.930] <syntax> Forking...
[Info  - 08:52:05.136] <syntax> Starting...
[Info  - 08:52:05.137] <semantic> Forking...
[Info  - 08:52:05.143] <semantic> Starting...
[Info  - 08:52:30.668] TSServer exited. Signal: SIGTERM
[Info  - 08:52:30.668] Starting TS Server 
[Info  - 08:52:30.668] Not starting server. Disposed 
[Info  - 08:52:30.915] Starting TS Server 
[Info  - 08:52:30.915] Not starting server. Disposed 
