Validating found git in: git
Using git 2.17.1 from git
Opening repository for path='/home/keymy00njae' failed; ex=Failed to execute git {
  "exitCode": 128,
  "gitErrorCode": "NotAGitRepository",
  "gitCommand": "rev-parse",
  "stdout": "",
  "stderr": "fatal: not a git repository (or any of the parent directories): .git\n"
}
> git rev-parse --git-dir
Open repository: /home/keymy00njae/nugu-play-sample-source
> git status -z -u
> git symbolic-ref --short HEAD
> git for-each-ref --format=%(refname)%00%(upstream:short)%00%(objectname)%00%(upstream:track) refs/heads/master refs/remotes/master
> git for-each-ref --sort -committerdate --format %(refname) %(objectname) %(*objectname)
> git remote --verbose
Warning: Failed to watch ref '/home/keymy00njae/nugu-play-sample-source/.git/refs/remotes/origin/master', is most likely packed.
> git config --get commit.template
> git check-ignore -v -z --stdin
Opening repository for path='/home/keymy00njae/.bash_history' failed; ex=Error: spawn ENOTDIR
Opening repository for path='/home/keymy00njae/.bash_logout' failed; ex=Error: spawn ENOTDIR
Opening repository for path='/home/keymy00njae/.bashrc' failed; ex=Error: spawn ENOTDIR
Opening repository for path='/home/keymy00njae/.cache' failed; ex=Failed to execute git {
  "exitCode": 128,
  "gitErrorCode": "NotAGitRepository",
  "gitCommand": "rev-parse",
  "stdout": "",
  "stderr": "fatal: not a git repository (or any of the parent directories): .git\n"
}
Opening repository for path='/home/keymy00njae/.config' failed; ex=Failed to execute git {
  "exitCode": 128,
  "gitErrorCode": "NotAGitRepository",
  "gitCommand": "rev-parse",
  "stdout": "",
  "stderr": "fatal: not a git repository (or any of the parent directories): .git\n"
}
Opening repository for path='/home/keymy00njae/.gnupg' failed; ex=Failed to execute git {
  "exitCode": 128,
  "gitErrorCode": "NotAGitRepository",
  "gitCommand": "rev-parse",
  "stdout": "",
  "stderr": "fatal: not a git repository (or any of the parent directories): .git\n"
}
Opening repository for path='/home/keymy00njae/.npm' failed; ex=Failed to execute git {
  "exitCode": 128,
  "gitErrorCode": "NotAGitRepository",
  "gitCommand": "rev-parse",
  "stdout": "",
  "stderr": "fatal: not a git repository (or any of the parent directories): .git\n"
}
> git rev-parse --git-dir
Open repository: /home/keymy00njae/.nvm
> git status -z -u
> git symbolic-ref --short HEAD
fatal: ref HEAD is not a symbolic ref
> git rev-parse HEAD
> git for-each-ref --sort -committerdate --format %(refname) %(objectname) %(*objectname)
> git remote --verbose
> git config --get commit.template
Opening repository for path='/home/keymy00njae/.profile' failed; ex=Error: spawn ENOTDIR
Opening repository for path='/home/keymy00njae/.ssh' failed; ex=Failed to execute git {
  "exitCode": 128,
  "gitErrorCode": "NotAGitRepository",
  "gitCommand": "rev-parse",
  "stdout": "",
  "stderr": "fatal: not a git repository (or any of the parent directories): .git\n"
}
Opening repository for path='/home/keymy00njae/.viminfo' failed; ex=Error: spawn ENOTDIR
Opening repository for path='/home/keymy00njae/.vscode-server' failed; ex=Failed to execute git {
  "exitCode": 128,
  "gitErrorCode": "NotAGitRepository",
  "gitCommand": "rev-parse",
  "stdout": "",
  "stderr": "fatal: not a git repository (or any of the parent directories): .git\n"
}
Opening repository for path='/home/keymy00njae/.wget-hsts' failed; ex=Error: spawn ENOTDIR
Opening repository for path='/home/keymy00njae/nugu_backend_proxy' failed; ex=Failed to execute git {
  "exitCode": 128,
  "gitErrorCode": "NotAGitRepository",
  "gitCommand": "rev-parse",
  "stdout": "",
  "stderr": "fatal: not a git repository (or any of the parent directories): .git\n"
}
> git show --textconv :routes/nugu.js
> git show --textconv :app.js
> git ls-files --stage -- /home/keymy00njae/nugu-play-sample-source/routes/nugu.js
> git ls-files --stage -- /home/keymy00njae/nugu-play-sample-source/app.js
> git cat-file -s 938137d5239623600d2e4a9817d3c4961cf896bf
> git cat-file -s 9225a7392f446e04acc2137d8314e3c808b43ecb
> git check-ignore -v -z --stdin
> git check-ignore -v -z --stdin
> git show --textconv :routes/index.js
> git ls-files --stage -- /home/keymy00njae/nugu-play-sample-source/routes/index.js
> git cat-file -s 39c7fdef5d7788a9b5194d5ab65805e83f76e335
> git check-ignore -v -z --stdin
> git show --textconv :nugu/index.js
> git ls-files --stage -- /home/keymy00njae/nugu-play-sample-source/nugu/index.js
> git cat-file -s 44d9326720e5cef371357e4775bce42b1dfdab24
> git show --textconv :app.js
> git ls-files --stage -- /home/keymy00njae/nugu-play-sample-source/app.js
> git cat-file -s 9225a7392f446e04acc2137d8314e3c808b43ecb
> git show --textconv :config.js
> git ls-files --stage -- /home/keymy00njae/nugu-play-sample-source/config.js
> git cat-file -s 1ea2b5cef2a75986d0e79e4d588d3c4f37c80e71
> git show --textconv :README.md
> git ls-files --stage -- /home/keymy00njae/nugu-play-sample-source/README.md
> git cat-file -s e69de29bb2d1d6434b8b29ae775ad8c2e48c5391
> git show --textconv :package.json
> git ls-files --stage -- /home/keymy00njae/nugu-play-sample-source/package.json
> git cat-file -s b4c5e3937868c4af6318964f4909919d1edc02b2
> git show --textconv :LICENSE
> git ls-files --stage -- /home/keymy00njae/nugu-play-sample-source/LICENSE
> git cat-file -s 7f8889ba59bee4fa975f14b490c2c8e438c6aa38
> git show --textconv :config.js
> git ls-files --stage -- /home/keymy00njae/nugu-play-sample-source/config.js
> git cat-file -s 1ea2b5cef2a75986d0e79e4d588d3c4f37c80e71
> git show --textconv :app.js
> git ls-files --stage -- /home/keymy00njae/nugu-play-sample-source/app.js
> git cat-file -s 9225a7392f446e04acc2137d8314e3c808b43ecb
> git show --textconv :routes/nugu.js
> git ls-files --stage -- /home/keymy00njae/nugu-play-sample-source/routes/nugu.js
> git cat-file -s 938137d5239623600d2e4a9817d3c4961cf896bf
> git show --textconv :routes/index.js
> git ls-files --stage -- /home/keymy00njae/nugu-play-sample-source/routes/index.js
> git cat-file -s 39c7fdef5d7788a9b5194d5ab65805e83f76e335
> git show --textconv :nugu/index.js
> git ls-files --stage -- /home/keymy00njae/nugu-play-sample-source/nugu/index.js
> git cat-file -s 44d9326720e5cef371357e4775bce42b1dfdab24
> git show --textconv :app.js
> git ls-files --stage -- /home/keymy00njae/nugu-play-sample-source/app.js
> git cat-file -s 9225a7392f446e04acc2137d8314e3c808b43ecb
Opening repository for path='/home/keymy00njae/nugu_backend_proxy' failed; ex=Failed to execute git {
  "exitCode": 128,
  "gitErrorCode": "NotAGitRepository",
  "gitCommand": "rev-parse",
  "stdout": "",
  "stderr": "fatal: not a git repository (or any of the parent directories): .git\n"
}
> git show --textconv :routes/index.js
> git ls-files --stage -- /home/keymy00njae/nugu-play-sample-source/routes/index.js
> git cat-file -s 39c7fdef5d7788a9b5194d5ab65805e83f76e335
> git check-ignore -v -z --stdin
> git show --textconv :nugu/index.js
> git ls-files --stage -- /home/keymy00njae/nugu-play-sample-source/nugu/index.js
> git cat-file -s 44d9326720e5cef371357e4775bce42b1dfdab24
> git show --textconv :routes/index.js
> git ls-files --stage -- /home/keymy00njae/nugu-play-sample-source/routes/index.js
> git cat-file -s 39c7fdef5d7788a9b5194d5ab65805e83f76e335
> git show --textconv :nugu/index.js
> git ls-files --stage -- /home/keymy00njae/nugu-play-sample-source/nugu/index.js
> git cat-file -s 44d9326720e5cef371357e4775bce42b1dfdab24
Opening repository for path='/home/keymy00njae/nugu_backend_proxy' failed; ex=Failed to execute git {
  "exitCode": 128,
  "gitErrorCode": "NotAGitRepository",
  "gitCommand": "rev-parse",
  "stdout": "",
  "stderr": "fatal: not a git repository (or any of the parent directories): .git\n"
}
> git show --textconv :nugu/index.js
> git ls-files --stage -- /home/keymy00njae/nugu-play-sample-source/nugu/index.js
> git cat-file -s 44d9326720e5cef371357e4775bce42b1dfdab24
> git show --textconv :app.js
> git ls-files --stage -- /home/keymy00njae/nugu-play-sample-source/app.js
> git cat-file -s 9225a7392f446e04acc2137d8314e3c808b43ecb
> git show --textconv :nugu/index.js
> git ls-files --stage -- /home/keymy00njae/nugu-play-sample-source/nugu/index.js
> git cat-file -s 44d9326720e5cef371357e4775bce42b1dfdab24
Opening repository for path='/home/keymy00njae' failed; ex=Failed to execute git {
  "exitCode": 128,
  "gitErrorCode": "NotAGitRepository",
  "gitCommand": "rev-parse",
  "stdout": "",
  "stderr": "fatal: not a git repository (or any of the parent directories): .git\n"
}
Opening repository for path='/home/keymy00njae' failed; ex=Failed to execute git {
  "exitCode": 128,
  "gitErrorCode": "NotAGitRepository",
  "gitCommand": "rev-parse",
  "stdout": "",
  "stderr": "fatal: not a git repository (or any of the parent directories): .git\n"
}
Opening repository for path='/home/keymy00njae' failed; ex=Failed to execute git {
  "exitCode": 128,
  "gitErrorCode": "NotAGitRepository",
  "gitCommand": "rev-parse",
  "stdout": "",
  "stderr": "fatal: not a git repository (or any of the parent directories): .git\n"
}
