Validating found git in: git
Using git 2.17.1 from git
Opening repository for path='/home/keymy00njae' failed; ex=Failed to execute git {
  "exitCode": 128,
  "gitErrorCode": "NotAGitRepository",
  "gitCommand": "rev-parse",
  "stdout": "",
  "stderr": "fatal: not a git repository (or any of the parent directories): .git\n"
}
> git rev-parse --git-dir
Open repository: /home/keymy00njae/nugu-play-sample-source
> git status -z -u
> git symbolic-ref --short HEAD
> git for-each-ref --format=%(refname)%00%(upstream:short)%00%(objectname)%00%(upstream:track) refs/heads/master refs/remotes/master
> git for-each-ref --sort -committerdate --format %(refname) %(objectname) %(*objectname)
> git remote --verbose
Warning: Failed to watch ref '/home/keymy00njae/nugu-play-sample-source/.git/refs/remotes/origin/master', is most likely packed.
> git config --get commit.template
Opening repository for path='/home/keymy00njae/.bash_history' failed; ex=Error: spawn ENOTDIR
Opening repository for path='/home/keymy00njae/.bash_logout' failed; ex=Error: spawn ENOTDIR
Opening repository for path='/home/keymy00njae/.bashrc' failed; ex=Error: spawn ENOTDIR
> git check-ignore -v -z --stdin
Opening repository for path='/home/keymy00njae/.cache' failed; ex=Failed to execute git {
  "exitCode": 128,
  "gitErrorCode": "NotAGitRepository",
  "gitCommand": "rev-parse",
  "stdout": "",
  "stderr": "fatal: not a git repository (or any of the parent directories): .git\n"
}
Opening repository for path='/home/keymy00njae/.config' failed; ex=Failed to execute git {
  "exitCode": 128,
  "gitErrorCode": "NotAGitRepository",
  "gitCommand": "rev-parse",
  "stdout": "",
  "stderr": "fatal: not a git repository (or any of the parent directories): .git\n"
}
Opening repository for path='/home/keymy00njae/.gnupg' failed; ex=Failed to execute git {
  "exitCode": 128,
  "gitErrorCode": "NotAGitRepository",
  "gitCommand": "rev-parse",
  "stdout": "",
  "stderr": "fatal: not a git repository (or any of the parent directories): .git\n"
}
Opening repository for path='/home/keymy00njae/.npm' failed; ex=Failed to execute git {
  "exitCode": 128,
  "gitErrorCode": "NotAGitRepository",
  "gitCommand": "rev-parse",
  "stdout": "",
  "stderr": "fatal: not a git repository (or any of the parent directories): .git\n"
}
> git rev-parse --git-dir
Open repository: /home/keymy00njae/.nvm
> git status -z -u
> git symbolic-ref --short HEAD
fatal: ref HEAD is not a symbolic ref
> git rev-parse HEAD
> git for-each-ref --sort -committerdate --format %(refname) %(objectname) %(*objectname)
> git remote --verbose
> git config --get commit.template
Opening repository for path='/home/keymy00njae/.profile' failed; ex=Error: spawn ENOTDIR
Opening repository for path='/home/keymy00njae/.ssh' failed; ex=Failed to execute git {
  "exitCode": 128,
  "gitErrorCode": "NotAGitRepository",
  "gitCommand": "rev-parse",
  "stdout": "",
  "stderr": "fatal: not a git repository (or any of the parent directories): .git\n"
}
Opening repository for path='/home/keymy00njae/.viminfo' failed; ex=Error: spawn ENOTDIR
Opening repository for path='/home/keymy00njae/.vscode-server' failed; ex=Failed to execute git {
  "exitCode": 128,
  "gitErrorCode": "NotAGitRepository",
  "gitCommand": "rev-parse",
  "stdout": "",
  "stderr": "fatal: not a git repository (or any of the parent directories): .git\n"
}
Opening repository for path='/home/keymy00njae/.wget-hsts' failed; ex=Error: spawn ENOTDIR
Opening repository for path='/home/keymy00njae/nugu_backend_proxy' failed; ex=Failed to execute git {
  "exitCode": 128,
  "gitErrorCode": "NotAGitRepository",
  "gitCommand": "rev-parse",
  "stdout": "",
  "stderr": "fatal: not a git repository (or any of the parent directories): .git\n"
}
> git show --textconv :nugu/index.js
> git ls-files --stage -- /home/keymy00njae/nugu-play-sample-source/nugu/index.js
> git check-ignore -v -z --stdin
> git check-ignore -v -z --stdin
> git cat-file -s 44d9326720e5cef371357e4775bce42b1dfdab24
> git log --format=%H%n%aN%n%aE%n%at%n%ct%n%P%n%B -z -n21 -- /home/keymy00njae/nugu-play-sample-source/nugu/index.js
> git show --textconv :config.js
> git ls-files --stage -- /home/keymy00njae/nugu-play-sample-source/config.js
> git cat-file -s 1ea2b5cef2a75986d0e79e4d588d3c4f37c80e71
> git show --textconv :nugu/index.js
> git ls-files --stage -- /home/keymy00njae/nugu-play-sample-source/nugu/index.js
> git cat-file -s 44d9326720e5cef371357e4775bce42b1dfdab24
Opening repository for path='/home/keymy00njae/nugu_backend_proxy' failed; ex=Failed to execute git {
  "exitCode": 128,
  "gitErrorCode": "NotAGitRepository",
  "gitCommand": "rev-parse",
  "stdout": "",
  "stderr": "fatal: not a git repository (or any of the parent directories): .git\n"
}
Opening repository for path='/home/keymy00njae/nugu_backend_proxy/nugu' failed; ex=Failed to execute git {
  "exitCode": 128,
  "gitErrorCode": "NotAGitRepository",
  "gitCommand": "rev-parse",
  "stdout": "",
  "stderr": "fatal: not a git repository (or any of the parent directories): .git\n"
}
Opening repository for path='/home/keymy00njae' failed; ex=Failed to execute git {
  "exitCode": 128,
  "gitErrorCode": "NotAGitRepository",
  "gitCommand": "rev-parse",
  "stdout": "",
  "stderr": "fatal: not a git repository (or any of the parent directories): .git\n"
}
