[Info  - 12:56:39.766] Starting TS Server 
[Info  - 12:56:39.766] Using tsserver from: /home/keymy00njae/.vscode-server/bin/7f6ab5485bbc008386c4386d08766667e155244e/extensions/node_modules/typescript/lib/tsserver.js
[Info  - 12:56:39.770] <syntax> Forking...
[Info  - 12:56:39.778] <syntax> Starting...
[Info  - 12:56:39.779] <semantic> Forking...
[Info  - 12:56:39.784] <semantic> Starting...
[Info  - 13:29:56.312] TSServer exited. Signal: SIGKILL
[Info  - 13:29:56.351] Starting TS Server 
[Info  - 13:29:56.351] Using tsserver from: /home/keymy00njae/.vscode-server/bin/7f6ab5485bbc008386c4386d08766667e155244e/extensions/node_modules/typescript/lib/tsserver.js
[Info  - 13:29:56.765] <syntax> Forking...
[Info  - 13:29:56.854] <syntax> Starting...
[Info  - 13:29:56.855] <semantic> Forking...
[Info  - 13:29:56.861] <semantic> Starting...
[Info  - 13:39:25.924] TSServer exited. Signal: SIGKILL
[Info  - 13:39:26.9] Starting TS Server 
[Info  - 13:39:26.9] Using tsserver from: /home/keymy00njae/.vscode-server/bin/7f6ab5485bbc008386c4386d08766667e155244e/extensions/node_modules/typescript/lib/tsserver.js
[Info  - 13:39:26.349] <syntax> Forking...
[Info  - 13:39:26.469] <syntax> Starting...
[Info  - 13:39:26.469] <semantic> Forking...
[Info  - 13:39:26.475] <semantic> Starting...
[Info  - 13:47:15.484] TSServer exited. Signal: SIGKILL
[Info  - 13:47:15.530] Starting TS Server 
[Info  - 13:47:15.530] Using tsserver from: /home/keymy00njae/.vscode-server/bin/7f6ab5485bbc008386c4386d08766667e155244e/extensions/node_modules/typescript/lib/tsserver.js
[Info  - 13:47:16.157] <syntax> Forking...
[Info  - 13:47:16.401] <syntax> Starting...
[Info  - 13:47:16.402] <semantic> Forking...
[Info  - 13:47:16.408] <semantic> Starting...
[Info  - 13:54:37.766] TSServer exited. Signal: SIGKILL
[Info  - 13:54:38.324] Starting TS Server 
[Info  - 13:54:38.324] Using tsserver from: /home/keymy00njae/.vscode-server/bin/7f6ab5485bbc008386c4386d08766667e155244e/extensions/node_modules/typescript/lib/tsserver.js
[Info  - 13:54:39.312] <syntax> Forking...
[Info  - 13:54:39.466] <syntax> Starting...
[Info  - 13:54:39.466] <semantic> Forking...
[Info  - 13:54:39.473] <semantic> Starting...
[Info  - 14:21:38.30] TSServer exited. Signal: SIGKILL
[Info  - 14:21:38.120] Starting TS Server 
[Info  - 14:21:38.120] Using tsserver from: /home/keymy00njae/.vscode-server/bin/7f6ab5485bbc008386c4386d08766667e155244e/extensions/node_modules/typescript/lib/tsserver.js
[Info  - 14:21:38.426] <syntax> Forking...
[Info  - 14:21:38.585] <syntax> Starting...
[Info  - 14:21:38.586] <semantic> Forking...
[Info  - 14:21:38.593] <semantic> Starting...
[Info  - 14:29:37.944] TSServer exited. Signal: SIGKILL
[Info  - 14:29:38.35] Starting TS Server 
[Info  - 14:29:38.35] Using tsserver from: /home/keymy00njae/.vscode-server/bin/7f6ab5485bbc008386c4386d08766667e155244e/extensions/node_modules/typescript/lib/tsserver.js
[Info  - 14:29:38.299] <syntax> Forking...
[Info  - 14:29:38.449] <syntax> Starting...
[Info  - 14:29:38.477] <semantic> Forking...
[Info  - 14:29:38.484] <semantic> Starting...
[Info  - 14:32:10.285] TSServer exited. Signal: SIGKILL
[Info  - 14:32:10.285] Starting TS Server 
[Info  - 14:32:10.285] Using tsserver from: /home/keymy00njae/.vscode-server/bin/7f6ab5485bbc008386c4386d08766667e155244e/extensions/node_modules/typescript/lib/tsserver.js
[Info  - 14:32:10.601] <syntax> Forking...
[Info  - 14:32:10.706] <syntax> Starting...
[Info  - 14:32:10.707] <semantic> Forking...
[Info  - 14:32:10.714] <semantic> Starting...
